<?xml version="1.0" encoding="UTF-8"?>
<!-- Generated by org.testng.reporters.JUnitReportReporter -->
<testsuite skipped="1" hostname="Admin-PC" name="com.mercury.testcases.DriverScript" tests="1" failures="0" timestamp="12 Feb 2018 01:32:42 GMT" time="0.000" errors="0">
  <testcase name="testOne" time="0.000" classname="com.mercury.testcases.DriverScript">
    <skipped/>
  </testcase> <!-- testOne -->
</testsuite> <!-- com.mercury.testcases.DriverScript -->
